This is XeTeX, Version 3.141592653-2.6-0.999993 (TeX Live 2021) (preloaded format=xelatex 2021.11.5)  4 MAR 2022 08:56
entering extended mode
 restricted \write18 enabled.
 %&-line parsing enabled.
**score_build.tex
(./score_build.tex
LaTeX2e <2020-10-01> patch level 4
L3 programming layer <2021-02-18>
(/usr/local/texlive/2021/texmf-dist/tex/latex/base/article.cls
Document Class: article 2020/04/10 v1.4m Standard LaTeX document class
(/usr/local/texlive/2021/texmf-dist/tex/latex/base/size10.clo
File: size10.clo 2020/04/10 v1.4m Standard LaTeX file (size option)
)
\c@part=\count175
\c@section=\count176
\c@subsection=\count177
\c@subsubsection=\count178
\c@paragraph=\count179
\c@subparagraph=\count180
\c@figure=\count181
\c@table=\count182
\abovecaptionskip=\skip47
\belowcaptionskip=\skip48
\bibindent=\dimen138
)
(/usr/local/texlive/2021/texmf-dist/tex/latex/geometry/geometry.sty
Package: geometry 2020/01/02 v5.9 Page Geometry

(/usr/local/texlive/2021/texmf-dist/tex/latex/graphics/keyval.sty
Package: keyval 2014/10/28 v1.15 key=value parser (DPC)
\KV@toks@=\toks15
)
(/usr/local/texlive/2021/texmf-dist/tex/generic/iftex/ifvtex.sty
Package: ifvtex 2019/10/25 v1.7 ifvtex legacy package. Use iftex instead.

(/usr/local/texlive/2021/texmf-dist/tex/generic/iftex/iftex.sty
Package: iftex 2020/03/06 v1.0d TeX engine tests
))
\Gm@cnth=\count183
\Gm@cntv=\count184
\c@Gm@tempcnt=\count185
\Gm@bindingoffset=\dimen139
\Gm@wd@mp=\dimen140
\Gm@odd@mp=\dimen141
\Gm@even@mp=\dimen142
\Gm@layoutwidth=\dimen143
\Gm@layoutheight=\dimen144
\Gm@layouthoffset=\dimen145
\Gm@layoutvoffset=\dimen146
\Gm@dimlist=\toks16
)
(/usr/local/texlive/2021/texmf-dist/tex/latex/pdfpages/pdfpages.sty
Package: pdfpages 2021/03/06 v0.5t Insert pages of external PDF documents (AM)

(/usr/local/texlive/2021/texmf-dist/tex/latex/base/ifthen.sty
Package: ifthen 2014/09/29 v1.1c Standard LaTeX ifthen package (DPC)
)
(/usr/local/texlive/2021/texmf-dist/tex/latex/tools/calc.sty
Package: calc 2017/05/25 v4.3 Infix arithmetic (KKT,FJ)
\calc@Acount=\count186
\calc@Bcount=\count187
\calc@Adimen=\dimen147
\calc@Bdimen=\dimen148
\calc@Askip=\skip49
\calc@Bskip=\skip50
LaTeX Info: Redefining \setlength on input line 80.
LaTeX Info: Redefining \addtolength on input line 81.
\calc@Ccount=\count188
\calc@Cskip=\skip51
)
(/usr/local/texlive/2021/texmf-dist/tex/latex/eso-pic/eso-pic.sty
Package: eso-pic 2020/10/14 v3.0a eso-pic (RN)
\ESO@tempdima=\dimen149
\ESO@tempdimb=\dimen150

(/usr/local/texlive/2021/texmf-dist/tex/latex/xcolor/xcolor.sty
Package: xcolor 2016/05/11 v2.12 LaTeX color extensions (UK)

(/usr/local/texlive/2021/texmf-dist/tex/latex/graphics-cfg/color.cfg
File: color.cfg 2016/01/02 v1.6 sample color configuration
)
Package xcolor Info: Driver file: xetex.def on input line 225.

(/usr/local/texlive/2021/texmf-dist/tex/latex/graphics-def/xetex.def
File: xetex.def 2021/03/18 v5.0k Graphics/color driver for xetex
)
Package xcolor Info: Model `cmy' substituted by `cmy0' on input line 1348.
Package xcolor Info: Model `RGB' extended on input line 1364.
Package xcolor Info: Model `HTML' substituted by `rgb' on input line 1366.
Package xcolor Info: Model `Hsb' substituted by `hsb' on input line 1367.
Package xcolor Info: Model `tHsb' substituted by `hsb' on input line 1368.
Package xcolor Info: Model `HSB' substituted by `hsb' on input line 1369.
Package xcolor Info: Model `Gray' substituted by `gray' on input line 1370.
Package xcolor Info: Model `wave' substituted by `hsb' on input line 1371.
))
(/usr/local/texlive/2021/texmf-dist/tex/latex/graphics/graphicx.sty
Package: graphicx 2020/09/09 v1.2b Enhanced LaTeX Graphics (DPC,SPQR)

(/usr/local/texlive/2021/texmf-dist/tex/latex/graphics/graphics.sty
Package: graphics 2020/08/30 v1.4c Standard LaTeX Graphics (DPC,SPQR)

(/usr/local/texlive/2021/texmf-dist/tex/latex/graphics/trig.sty
Package: trig 2016/01/03 v1.10 sin cos tan (DPC)
)
(/usr/local/texlive/2021/texmf-dist/tex/latex/graphics-cfg/graphics.cfg
File: graphics.cfg 2016/06/04 v1.11 sample graphics configuration
)
Package graphics Info: Driver file: xetex.def on input line 105.
)
\Gin@req@height=\dimen151
\Gin@req@width=\dimen152
)
\AM@pagewidth=\dimen153
\AM@pageheight=\dimen154
\AM@fboxrule=\dimen155

(/usr/local/texlive/2021/texmf-dist/tex/latex/pdfpages/ppxetex.def
File: ppxetex.def 2021/03/06 v0.5t Pdfpages driver for XeTeX (AM)
)
\pdfpages@includegraphics@status=\count189
\AM@pagebox=\box47
\AM@global@opts=\toks17
\AM@pagecnt=\count190
\AM@toc@title=\toks18
\c@AM@survey=\count191
\AM@templatesizebox=\box48
)
(/usr/local/texlive/2021/texmf-dist/tex/latex/l3backend/l3backend-xetex.def
File: l3backend-xetex.def 2021-03-18 L3 backend support: XeTeX

(|extractbb --version)
\c__kernel_sys_dvipdfmx_version_int=\count192
\l__color_backend_stack_int=\count193
\g__color_backend_stack_int=\count194
\g__graphics_track_int=\count195
\l__pdf_internal_box=\box49
\g__pdf_backend_object_int=\count196
\g__pdf_backend_annotation_int=\count197
\g__pdf_backend_link_int=\count198
) (./score_build.aux)
\openout1 = `score_build.aux'.

LaTeX Font Info:    Checking defaults for OML/cmm/m/it on input line 4.
LaTeX Font Info:    ... okay on input line 4.
LaTeX Font Info:    Checking defaults for OMS/cmsy/m/n on input line 4.
LaTeX Font Info:    ... okay on input line 4.
LaTeX Font Info:    Checking defaults for OT1/cmr/m/n on input line 4.
LaTeX Font Info:    ... okay on input line 4.
LaTeX Font Info:    Checking defaults for T1/cmr/m/n on input line 4.
LaTeX Font Info:    ... okay on input line 4.
LaTeX Font Info:    Checking defaults for TS1/cmr/m/n on input line 4.
LaTeX Font Info:    Trying to load font information for TS1+cmr on input line 4
.

(/usr/local/texlive/2021/texmf-dist/tex/latex/base/ts1cmr.fd
File: ts1cmr.fd 2019/12/16 v2.5j Standard LaTeX font definitions
)
LaTeX Font Info:    ... okay on input line 4.
LaTeX Font Info:    Checking defaults for TU/lmr/m/n on input line 4.
LaTeX Font Info:    ... okay on input line 4.
LaTeX Font Info:    Checking defaults for OMX/cmex/m/n on input line 4.
LaTeX Font Info:    ... okay on input line 4.
LaTeX Font Info:    Checking defaults for U/cmr/m/n on input line 4.
LaTeX Font Info:    ... okay on input line 4.

*geometry* driver: auto-detecting
*geometry* detected driver: xetex
*geometry* verbose mode - [ preamble ] result:
* driver: xetex
* paper: custom
* layout: <same size as paper>
* layoutoffset:(h,v)=(0.0pt,0.0pt)
* modes: 
* h-part:(L,W,R)=(97.56549pt, 455.299pt, 97.5655pt)
* v-part:(T,H,B)=(104.06985pt, 607.06534pt, 156.1048pt)
* \paperwidth=650.43pt
* \paperheight=867.23999pt
* \textwidth=455.299pt
* \textheight=607.06534pt
* \oddsidemargin=25.2955pt
* \evensidemargin=25.2955pt
* \topmargin=-5.20013pt
* \headheight=12.0pt
* \headsep=25.0pt
* \topskip=10.0pt
* \footskip=30.0pt
* \marginparwidth=65.0pt
* \marginparsep=11.0pt
* \columnsep=10.0pt
* \skip\footins=9.0pt plus 4.0pt minus 2.0pt
* \hoffset=0.0pt
* \voffset=0.0pt
* \mag=1000
* \@twocolumnfalse
* \@twosidefalse
* \@mparswitchfalse
* \@reversemarginfalse
* (1in=72.27pt=25.4mm, 1cm=28.453pt)

(/usr/local/texlive/2021/texmf-dist/tex/latex/pdflscape/pdflscape.sty
Package: pdflscape 2019/12/05 v0.12 Display of landscape pages in PDF (HO)

(/usr/local/texlive/2021/texmf-dist/tex/latex/graphics/lscape.sty
Package: lscape 2020/05/28 v3.02 Landscape Pages (DPC)
)
Package pdflscape Info: Auto-detected driver: dvipdfm (xetex) on input line 98.


(/usr/local/texlive/2021/texmf-dist/tex/latex/base/atbegshi-ltx.sty
Package: atbegshi-ltx 2020/08/17 v1.0a Emulation of the original atbegshi packa
ge
with kernel methods
))
File: verge_title.pdf Graphic file (type pdf)
<use verge_title.pdf>
File: verge_title.pdf Graphic file (type pdf)
<use verge_title.pdf>
File: verge_title.pdf Graphic file (type pdf)
<use verge_title.pdf, page 1>
File: verge_title.pdf Graphic file (type pdf)
<use verge_title.pdf, page 1>
File: verge_title.pdf Graphic file (type pdf)
<use verge_title.pdf, page 1>
File: verge_title.pdf Graphic file (type pdf)
<use verge_title.pdf, page 1>
File: verge_title.pdf Graphic file (type pdf)
<use verge_title.pdf, page 1>
 [1

]
File: foreword.pdf Graphic file (type pdf)
<use foreword.pdf>
File: foreword.pdf Graphic file (type pdf)
<use foreword.pdf>
File: foreword.pdf Graphic file (type pdf)
<use foreword.pdf, page 1>
File: foreword.pdf Graphic file (type pdf)
<use foreword.pdf, page 1>
File: foreword.pdf Graphic file (type pdf)
<use foreword.pdf, page 1>
File: foreword.pdf Graphic file (type pdf)
<use foreword.pdf, page 1>
File: foreword.pdf Graphic file (type pdf)
<use foreword.pdf, page 1>

[2]
File: interpreters_notes.pdf Graphic file (type pdf)
<use interpreters_notes.pdf>
File: interpreters_notes.pdf Graphic file (type pdf)
<use interpreters_notes.pdf>
File: interpreters_notes.pdf Graphic file (type pdf)
<use interpreters_notes.pdf, page 1>
File: interpreters_notes.pdf Graphic file (type pdf)
<use interpreters_notes.pdf, page 1>
File: interpreters_notes.pdf Graphic file (type pdf)
<use interpreters_notes.pdf, page 1>
File: interpreters_notes.pdf Graphic file (type pdf)
<use interpreters_notes.pdf, page 1>
File: interpreters_notes.pdf Graphic file (type pdf)
<use interpreters_notes.pdf, page 1>
 [3]
File: dedication.pdf Graphic file (type pdf)
<use dedication.pdf>
File: dedication.pdf Graphic file (type pdf)
<use dedication.pdf>
File: dedication.pdf Graphic file (type pdf)
<use dedication.pdf, page 1>
File: dedication.pdf Graphic file (type pdf)
<use dedication.pdf, page 1>
File: dedication.pdf Graphic file (type pdf)
<use dedication.pdf, page 1>
File: dedication.pdf Graphic file (type pdf)
<use dedication.pdf, page 1>
File: dedication.pdf Graphic file (type pdf)
<use dedication.pdf, page 1>
 [4]
File: ../verge_score.pdf Graphic file (type pdf)
<use ../verge_score.pdf>
File: ../verge_score.pdf Graphic file (type pdf)
<use ../verge_score.pdf>
File: ../verge_score.pdf Graphic file (type pdf)
<use ../verge_score.pdf, page 1>
File: ../verge_score.pdf Graphic file (type pdf)
<use ../verge_score.pdf, page 1>
File: ../verge_score.pdf Graphic file (type pdf)
<use ../verge_score.pdf, page 1>
File: ../verge_score.pdf Graphic file (type pdf)
<use ../verge_score.pdf, page 1>
File: ../verge_score.pdf Graphic file (type pdf)
<use ../verge_score.pdf, page 1>
 [5]
File: ../verge_score.pdf Graphic file (type pdf)
<use ../verge_score.pdf, page 2>
File: ../verge_score.pdf Graphic file (type pdf)
<use ../verge_score.pdf, page 2>
File: ../verge_score.pdf Graphic file (type pdf)
<use ../verge_score.pdf, page 2>
 [6]
File: ../verge_score.pdf Graphic file (type pdf)
<use ../verge_score.pdf, page 3>
File: ../verge_score.pdf Graphic file (type pdf)
<use ../verge_score.pdf, page 3>
File: ../verge_score.pdf Graphic file (type pdf)
<use ../verge_score.pdf, page 3>
 [7]
File: ../verge_score.pdf Graphic file (type pdf)
<use ../verge_score.pdf, page 4>
File: ../verge_score.pdf Graphic file (type pdf)
<use ../verge_score.pdf, page 4>
File: ../verge_score.pdf Graphic file (type pdf)
<use ../verge_score.pdf, page 4>
 [8]
File: ../verge_score.pdf Graphic file (type pdf)
<use ../verge_score.pdf, page 5>
File: ../verge_score.pdf Graphic file (type pdf)
<use ../verge_score.pdf, page 5>
File: ../verge_score.pdf Graphic file (type pdf)
<use ../verge_score.pdf, page 5>
 [9] (./score_build.aux) ) 
Here is how much of TeX's memory you used:
 2690 strings out of 476919
 41461 string characters out of 5821840
 344479 words of memory out of 5000000
 22689 multiletter control sequences out of 15000+600000
 403438 words of font info for 28 fonts, out of 8000000 for 9000
 1348 hyphenation exceptions out of 8191
 83i,17n,88p,244b,420s stack positions out of 5000i,500n,10000p,200000b,80000s

Output written on score_build.pdf (9 pages).
